<?xml version="1.0" encoding="UTF-8"?>
<testng-results skipped="0" failed="0" ignored="0" total="1" passed="1">
  <reporter-output>
    <line>
      <![CDATA[hi]]>
    </line>
  </reporter-output>
  <suite name="Suite" duration-ms="22296" started-at="2020-08-20T07:52:53Z" finished-at="2020-08-20T07:53:15Z">
    <groups>
    </groups>
    <test name="Test" duration-ms="22296" started-at="2020-08-20T07:52:53Z" finished-at="2020-08-20T07:53:15Z">
      <class name="com.vtiger.testscripts.CreateCustomer">
        <test-method status="PASS" signature="openbrowser()[pri:0, instance:com.vtiger.testscripts.CreateCustomer@5f341870]" name="openbrowser" is-config="true" duration-ms="6991" started-at="2020-08-20T07:52:53Z" finished-at="2020-08-20T07:53:00Z">
          <reporter-output>
          </reporter-output>
        </test-method> <!-- openbrowser -->
        <test-method status="PASS" signature="login()[pri:0, instance:com.vtiger.testscripts.CreateCustomer@5f341870]" name="login" is-config="true" duration-ms="7540" started-at="2020-08-20T07:53:00Z" finished-at="2020-08-20T07:53:07Z">
          <reporter-output>
          </reporter-output>
        </test-method> <!-- login -->
        <test-method status="PASS" signature="createcustomer()[pri:0, instance:com.vtiger.testscripts.CreateCustomer@5f341870]" name="createcustomer" duration-ms="8" started-at="2020-08-20T07:53:07Z" finished-at="2020-08-20T07:53:07Z">
          <reporter-output>
            <line>
              <![CDATA[hi]]>
            </line>
          </reporter-output>
        </test-method> <!-- createcustomer -->
        <test-method status="PASS" signature="logout()[pri:0, instance:com.vtiger.testscripts.CreateCustomer@5f341870]" name="logout" is-config="true" duration-ms="7606" started-at="2020-08-20T07:53:07Z" finished-at="2020-08-20T07:53:15Z">
          <reporter-output>
          </reporter-output>
        </test-method> <!-- logout -->
        <test-method status="PASS" signature="closebrowser()[pri:0, instance:com.vtiger.testscripts.CreateCustomer@5f341870]" name="closebrowser" is-config="true" duration-ms="131" started-at="2020-08-20T07:53:15Z" finished-at="2020-08-20T07:53:15Z">
          <reporter-output>
          </reporter-output>
        </test-method> <!-- closebrowser -->
      </class> <!-- com.vtiger.testscripts.CreateCustomer -->
    </test> <!-- Test -->
  </suite> <!-- Suite -->
</testng-results>
