<?xml version="1.0" encoding="UTF-8"?>
<testng-results skipped="0" failed="0" ignored="0" total="1" passed="1">
  <reporter-output>
    <line>
      <![CDATA[Clicking on Contacts link]]>
    </line>
    <line>
      <![CDATA[Clicking on add new button]]>
    </line>
    <line>
      <![CDATA[Entering Firstname]]>
    </line>
    <line>
      <![CDATA[Entering Lastname]]>
    </line>
    <line>
      <![CDATA[Clicking on Save btn]]>
    </line>
    <line>
      <![CDATA[clicking on addevent link]]>
    </line>
    <line>
      <![CDATA[creating an event]]>
    </line>
  </reporter-output>
  <suite name="Default suite" duration-ms="134342" started-at="2020-08-31T10:22:34Z" finished-at="2020-08-31T10:24:48Z">
    <groups>
    </groups>
    <test name="Default test" duration-ms="134342" started-at="2020-08-31T10:22:34Z" finished-at="2020-08-31T10:24:48Z">
      <class name="com.vtiger.testscripts.AddEventContacts4">
        <test-method status="PASS" signature="openbrowser()[pri:0, instance:com.vtiger.testscripts.AddEventContacts4@6500df86]" name="openbrowser" is-config="true" duration-ms="11792" started-at="2020-08-31T10:22:34Z" finished-at="2020-08-31T10:22:46Z">
          <reporter-output>
          </reporter-output>
        </test-method> <!-- openbrowser -->
        <test-method status="PASS" signature="login()[pri:0, instance:com.vtiger.testscripts.AddEventContacts4@6500df86]" name="login" is-config="true" duration-ms="14094" started-at="2020-08-31T10:22:46Z" finished-at="2020-08-31T10:23:00Z">
          <reporter-output>
          </reporter-output>
        </test-method> <!-- login -->
        <test-method status="PASS" signature="testAddeventContact()[pri:0, instance:com.vtiger.testscripts.AddEventContacts4@6500df86]" name="testAddeventContact" duration-ms="98150" started-at="2020-08-31T10:23:00Z" finished-at="2020-08-31T10:24:38Z">
          <reporter-output>
            <line>
              <![CDATA[Clicking on Contacts link]]>
            </line>
            <line>
              <![CDATA[Clicking on add new button]]>
            </line>
            <line>
              <![CDATA[Entering Firstname]]>
            </line>
            <line>
              <![CDATA[Entering Lastname]]>
            </line>
            <line>
              <![CDATA[Clicking on Save btn]]>
            </line>
            <line>
              <![CDATA[clicking on addevent link]]>
            </line>
            <line>
              <![CDATA[creating an event]]>
            </line>
          </reporter-output>
        </test-method> <!-- testAddeventContact -->
        <test-method status="PASS" signature="logout()[pri:0, instance:com.vtiger.testscripts.AddEventContacts4@6500df86]" name="logout" is-config="true" duration-ms="6230" started-at="2020-08-31T10:24:38Z" finished-at="2020-08-31T10:24:44Z">
          <reporter-output>
          </reporter-output>
        </test-method> <!-- logout -->
        <test-method status="PASS" signature="closebrowser()[pri:0, instance:com.vtiger.testscripts.AddEventContacts4@6500df86]" name="closebrowser" is-config="true" duration-ms="3888" started-at="2020-08-31T10:24:44Z" finished-at="2020-08-31T10:24:48Z">
          <reporter-output>
          </reporter-output>
        </test-method> <!-- closebrowser -->
      </class> <!-- com.vtiger.testscripts.AddEventContacts4 -->
    </test> <!-- Default test -->
  </suite> <!-- Default suite -->
</testng-results>
